Ex1 (OOP) Simulator log: stage B2.json,  MyCalls.csv
0.0,OOP_Ex1_Elevator_Simulator
0.0,Simulated Building, Building [-2,10]
0) ex1.Elevator_A, Elev_, id,1,  speed, 1.0, open: 2.0,  start: 3.0, close: 2.0,  stop: 3.0
1) ex1.Elevator_A, Elev_, id,2,  speed, 2.0, open: 2.0,  start: 3.0, close: 2.0,  stop: 3.0

0.0,Simulated Period starTime,0.0,  endTime,200.56754743307536,  dt,1.0
0.0,Simulated  calls,Elevator log, size: 10
0.0,**** Simulation starts!! ****
1.0,Elevator call,0.437472729039321,0,-1,1,1, got allocated to elevator, 1
1.0,Elev,2,  arrived at src, 0, Elevator call,0.437472729039321,0,-1,2,1
1.0, elevID,2,  pos,0,  cmd, goto,-1
3.0,Elevator call,2.2094056301593525,0,-1,1,0, got allocated to elevator, 0
3.0,Elev,1,  arrived at src, 0, Elevator call,2.2094056301593525,0,-1,2,0
3.0, elevID,1,  pos,0,  cmd, goto,-1
12.0,Elev,2,  arrived at dest, -1, this call is done!, Elevator call,0.437472729039321,0,-1,3,1, Done, dt, 11.562527270960679
14.0,Elev,1,  arrived at dest, -1, this call is done!, Elevator call,2.2094056301593525,0,-1,3,0, Done, dt, 11.790594369840647
19.0,Elevator call,18.77299317966884,-1,-2,1,1, got allocated to elevator, 1
19.0,Elev,2,  arrived at src, -1, Elevator call,18.77299317966884,-1,-2,2,1
19.0, elevID,2,  pos,-1,  cmd, goto,-2
20.0,Elevator call,19.590869649656987,0,7,1,0, got allocated to elevator, 0
20.0, elevID,1,  pos,-1,  cmd, goto,0
30.0,Elevator call,29.579433566814906,0,1,1,1, got allocated to elevator, 1
30.0,Elev,2,  arrived at dest, -2, this call is done!, Elevator call,18.77299317966884,-1,-2,3,1, Done, dt, 11.227006820331159
30.0, elevID,2,  pos,-2,  cmd, goto,0
31.0,Elev,1,  arrived at src, 0, Elevator call,19.590869649656987,0,7,2,0
31.0, elevID,1,  pos,0,  cmd, goto,7
34.0,Elevator call,33.242673193933555,10,0,1,0, got allocated to elevator, 0
41.0,Elev,2,  arrived at src, 0, Elevator call,29.579433566814906,0,1,2,1
41.0, elevID,2,  pos,0,  cmd, goto,1
48.0,Elev,1,  arrived at dest, 7, this call is done!, Elevator call,19.590869649656987,0,7,3,0, Done, dt, 28.409130350343013
48.0, elevID,1,  pos,7,  cmd, goto,10
52.0,Elev,2,  arrived at dest, 1, this call is done!, Elevator call,29.579433566814906,0,1,3,1, Done, dt, 22.420566433185094
53.0,Elevator call,52.96277472128405,3,-1,1,1, got allocated to elevator, 1
53.0, elevID,2,  pos,1,  cmd, goto,3
61.0,Elev,1,  arrived at src, 10, Elevator call,33.242673193933555,10,0,2,0
61.0, elevID,1,  pos,10,  cmd, goto,0
64.0,Elev,2,  arrived at src, 3, Elevator call,52.96277472128405,3,-1,2,1
64.0, elevID,2,  pos,3,  cmd, goto,-1
65.0,Elevator call,64.38547514955395,2,-1,1,1, got allocated to elevator, 1
, elevID,2,  pos,3,  cmd, stop,2
73.0,Elevator call,72.26161212799506,10,0,1,0, got allocated to elevator, 0
75.0,Elev,2,  arrived at src, 2, Elevator call,64.38547514955395,2,-1,2,1
75.0, elevID,2,  pos,2,  cmd, goto,-1
81.0,Elevator call,80.56754743307536,-1,-2,1,1, got allocated to elevator, 1
81.0,Elev,1,  arrived at dest, 0, this call is done!, Elevator call,33.242673193933555,10,0,3,0, Done, dt, 47.757326806066445
81.0, elevID,1,  pos,0,  cmd, goto,10
87.0,Elev,2,  arrived at dest, -1, this call is done!, Elevator call,52.96277472128405,3,-1,3,1, Done, dt, 34.03722527871595
87.0,Elev,2,  arrived at dest, -1, this call is done!, Elevator call,64.38547514955395,2,-1,3,1, Done, dt, 22.614524850446045
87.0,Elev,2,  arrived at src, -1, Elevator call,80.56754743307536,-1,-2,2,1
87.0, elevID,2,  pos,-1,  cmd, goto,-2
98.0,Elev,2,  arrived at dest, -2, this call is done!, Elevator call,80.56754743307536,-1,-2,3,1, Done, dt, 17.43245256692464
101.0,Elev,1,  arrived at src, 10, Elevator call,72.26161212799506,10,0,2,0
101.0, elevID,1,  pos,10,  cmd, goto,0
121.0,Elev,1,  arrived at dest, 0, this call is done!, Elevator call,72.26161212799506,10,0,3,0, Done, dt, 48.738387872004935
122.0,************* Simulation Ended ************
Code Owners,1111,2222,3333,  Building_file,B2.json,  Calls,MyCalls.csv
Total waiting time: 251.0,  average waiting time per call: 25.1,  unCompleted calls,0,  certificate, -235439520
